Copyright 1986-2018 Xilinx, Inc. All Rights Reserved.
---------------------------------------------------------------------------------------------------------------------------------
| Tool Version : Vivado v.2018.2 (lin64) Build 2258646 Thu Jun 14 20:02:38 MDT 2018
| Date         : Fri Jun 14 15:24:28 2019
| Host         : joe-ubu-vm running 64-bit Ubuntu 18.04.2 LTS
| Command      : report_utilization -file sensors96b_vadd_0_0_utilization_synth.rpt -pb sensors96b_vadd_0_0_utilization_synth.pb
| Design       : sensors96b_vadd_0_0
| Device       : xczu3egsbva484-1
| Design State : Synthesized
---------------------------------------------------------------------------------------------------------------------------------

Utilization Design Information

Table of Contents
-----------------
1. CLB Logic
1.1 Summary of Registers by Type
2. BLOCKRAM
3. ARITHMETIC
4. I/O
5. CLOCK
6. ADVANCED
7. CONFIGURATION
8. Primitives
9. Black Boxes
10. Instantiated Netlists

1. CLB Logic
------------

+----------------------------+------+-------+-----------+-------+
|          Site Type         | Used | Fixed | Available | Util% |
+----------------------------+------+-------+-----------+-------+
| CLB LUTs*                  | 2057 |     0 |     70560 |  2.92 |
|   LUT as Logic             | 1725 |     0 |     70560 |  2.44 |
|   LUT as Memory            |  332 |     0 |     28800 |  1.15 |
|     LUT as Distributed RAM |    0 |     0 |           |       |
|     LUT as Shift Register  |  332 |     0 |           |       |
| CLB Registers              | 2831 |     0 |    141120 |  2.01 |
|   Register as Flip Flop    | 2831 |     0 |    141120 |  2.01 |
|   Register as Latch        |    0 |     0 |    141120 |  0.00 |
| CARRY8                     |  142 |     0 |      8820 |  1.61 |
| F7 Muxes                   |  132 |     0 |     35280 |  0.37 |
| F8 Muxes                   |   66 |     0 |     17640 |  0.37 |
| F9 Muxes                   |    0 |     0 |      8820 |  0.00 |
+----------------------------+------+-------+-----------+-------+
* Warning! The Final LUT count, after physical optimizations and full implementation, is typically lower. Run opt_design after synthesis, if not already completed, for a more realistic count.


1.1 Summary of Registers by Type
--------------------------------

+-------+--------------+-------------+--------------+
| Total | Clock Enable | Synchronous | Asynchronous |
+-------+--------------+-------------+--------------+
| 0     |            _ |           - |            - |
| 0     |            _ |           - |          Set |
| 0     |            _ |           - |        Reset |
| 0     |            _ |         Set |            - |
| 0     |            _ |       Reset |            - |
| 0     |          Yes |           - |            - |
| 0     |          Yes |           - |          Set |
| 0     |          Yes |           - |        Reset |
| 9     |          Yes |         Set |            - |
| 2822  |          Yes |       Reset |            - |
+-------+--------------+-------------+--------------+


2. BLOCKRAM
-----------

+-------------------+------+-------+-----------+-------+
|     Site Type     | Used | Fixed | Available | Util% |
+-------------------+------+-------+-----------+-------+
| Block RAM Tile    |    1 |     0 |       216 |  0.46 |
|   RAMB36/FIFO*    |    0 |     0 |       216 |  0.00 |
|   RAMB18          |    2 |     0 |       432 |  0.46 |
|     RAMB18E2 only |    2 |       |           |       |
+-------------------+------+-------+-----------+-------+
* Note: Each Block RAM Tile only has one FIFO logic available and therefore can accommodate only one FIFO36E2 or one FIFO18E2. However, if a FIFO18E2 occupies a Block RAM Tile, that tile can still accommodate a RAMB18E2


3. ARITHMETIC
-------------

+----------------+------+-------+-----------+-------+
|    Site Type   | Used | Fixed | Available | Util% |
+----------------+------+-------+-----------+-------+
| DSPs           |   24 |     0 |       360 |  6.67 |
|   DSP48E2 only |   24 |       |           |       |
+----------------+------+-------+-----------+-------+


4. I/O
------

+------------+------+-------+-----------+-------+
|  Site Type | Used | Fixed | Available | Util% |
+------------+------+-------+-----------+-------+
| Bonded IOB |    0 |     0 |        82 |  0.00 |
+------------+------+-------+-----------+-------+


5. CLOCK
--------

+----------------------+------+-------+-----------+-------+
|       Site Type      | Used | Fixed | Available | Util% |
+----------------------+------+-------+-----------+-------+
| GLOBAL CLOCK BUFFERs |    0 |     0 |       196 |  0.00 |
|   BUFGCE             |    0 |     0 |        88 |  0.00 |
|   BUFGCE_DIV         |    0 |     0 |        12 |  0.00 |
|   BUFG_PS            |    0 |     0 |        72 |  0.00 |
|   BUFGCTRL*          |    0 |     0 |        24 |  0.00 |
| PLL                  |    0 |     0 |         6 |  0.00 |
| MMCM                 |    0 |     0 |         3 |  0.00 |
+----------------------+------+-------+-----------+-------+
* Note: Each used BUFGCTRL counts as two global buffer resources. This table does not include global clocking resources, only buffer cell usage. See the Clock Utilization Report (report_clock_utilization) for detailed accounting of global clocking resource availability.


6. ADVANCED
-----------

+-----------+------+-------+-----------+-------+
| Site Type | Used | Fixed | Available | Util% |
+-----------+------+-------+-----------+-------+
| PS8       |    0 |     0 |         1 |  0.00 |
| SYSMONE4  |    0 |     0 |         1 |  0.00 |
+-----------+------+-------+-----------+-------+


7. CONFIGURATION
----------------

+-------------+------+-------+-----------+-------+
|  Site Type  | Used | Fixed | Available | Util% |
+-------------+------+-------+-----------+-------+
| BSCANE2     |    0 |     0 |         4 |  0.00 |
| DNA_PORTE2  |    0 |     0 |         1 |  0.00 |
| EFUSE_USR   |    0 |     0 |         1 |  0.00 |
| FRAME_ECCE4 |    0 |     0 |         1 |  0.00 |
| ICAPE3      |    0 |     0 |         2 |  0.00 |
| MASTER_JTAG |    0 |     0 |         1 |  0.00 |
| STARTUPE3   |    0 |     0 |         1 |  0.00 |
+-------------+------+-------+-----------+-------+


8. Primitives
-------------

+----------+------+---------------------+
| Ref Name | Used | Functional Category |
+----------+------+---------------------+
| FDRE     | 2822 |            Register |
| LUT3     |  610 |                 CLB |
| LUT6     |  479 |                 CLB |
| LUT4     |  339 |                 CLB |
| LUT2     |  337 |                 CLB |
| SRLC32E  |  330 |                 CLB |
| LUT5     |  330 |                 CLB |
| CARRY8   |  142 |                 CLB |
| MUXF7    |  132 |                 CLB |
| MUXF8    |   66 |                 CLB |
| LUT1     |   26 |                 CLB |
| DSP48E2  |   24 |          Arithmetic |
| FDSE     |    9 |            Register |
| SRL16E   |    2 |                 CLB |
| RAMB18E2 |    2 |           Block Ram |
+----------+------+---------------------+


9. Black Boxes
--------------

+----------+------+
| Ref Name | Used |
+----------+------+


10. Instantiated Netlists
-------------------------

+----------+------+
| Ref Name | Used |
+----------+------+


